6576 INFO  Job Name: Curation-Metrics_m
6577 INFO  Handling file : /net/filer.zfin.org/vol/users/pm/Projects/releases/trunk/server_apps/DB_maintenance/report_data/Curation-Metrics_m.sql
6658 INFO  No Debugging enabled: To see more debug data enable the logger to leg level debug.
6661 INFO  Statement [3,3]

    create temp table tmp_cur_pub (curator_zdb varchar(50), pub_zdb varchar(50)) with no log;
6672 INFO  Number of updated rows: 0
6677 INFO  Statement [8,14]

    insert 
    into
        tmp_cur_pub
        select
            distinct cur_curator_zdb_id,
            cur_pub_Zdb_id 
        from
            curation,
            publication 
        where
            cur_pub_zdb_id=zdb_id 
            and pub_completion_date between '$DATE1' and '$DATE2' 
            and cur_topic not like 'Linked%' 
            and cur_curator_zdb_id not in (
                'ZDB-PERS-980622-10', 'ZDB-PERS-080515-1','ZDB-PERS-131025-2', 'ZDB-PERS-000914-2', 'ZDB-PERS-060413-1', 'ZDB-PERS-050121-1', 'ZDB-PERS-030520-1 ', 'ZDB-PERS-080324-3 ', 'ZDB-PERS-110317-1', 'ZDB-PERS-051031-1','ZDB-PERS-050706-1', 'ZDB-PERS-040127-1'
            ) 
        order by
            cur_curator_zdb_id;
6689 ERROR could not execute statement in file '/net/filer.zfin.org/vol/users/pm/Projects/releases/trunk/server_apps/DB_maintenance/report_data/Curation-Metrics_m.sql' and line [8,14]: 
    insert 
    into
        tmp_cur_pub
        select
            distinct cur_curator_zdb_id,
            cur_pub_Zdb_id 
        from
            curation,
            publication 
        where
            cur_pub_zdb_id=zdb_id 
            and pub_completion_date between '$DATE1' and '$DATE2' 
            and cur_topic not like 'Linked%' 
            and cur_curator_zdb_id not in (
                'ZDB-PERS-980622-10', 'ZDB-PERS-080515-1','ZDB-PERS-131025-2', 'ZDB-PERS-000914-2', 'ZDB-PERS-060413-1', 'ZDB-PERS-050121-1', 'ZDB-PERS-030520-1 ', 'ZDB-PERS-080324-3 ', 'ZDB-PERS-110317-1', 'ZDB-PERS-051031-1','ZDB-PERS-050706-1', 'ZDB-PERS-040127-1'
            ) 
        order by
            cur_curator_zdb_id;
java.sql.SQLException: Non-numeric character in datetime or interval.
	at com.informix.util.IfxErrMsg.getSQLException(IfxErrMsg.java:413)
	at com.informix.jdbc.IfxSqli.a(IfxSqli.java:3494)
	at com.informix.jdbc.IfxSqli.E(IfxSqli.java:3807)
	at com.informix.jdbc.IfxSqli.dispatchMsg(IfxSqli.java:2610)
	at com.informix.jdbc.IfxSqli.receiveMessage(IfxSqli.java:2526)
	at com.informix.jdbc.IfxSqli.executeExecute(IfxSqli.java:2403)
	at com.informix.jdbc.IfxSqli.executeExecute(IfxSqli.java:2378)
	at com.informix.jdbc.IfxResultSet.b(IfxResultSet.java:393)
	at com.informix.jdbc.IfxStatement.a(IfxStatement.java:1323)
	at com.informix.jdbc.IfxStatement.executeImpl(IfxStatement.java:1293)
	at com.informix.jdbc.IfxStatement.c(IfxStatement.java:1007)
	at com.informix.jdbc.IfxStatement.execute(IfxStatement.java:893)
	at org.zfin.infrastructure.repository.HibernateInfrastructureRepository.executeJdbcStatement(HibernateInfrastructureRepository.java:1066)
	at org.zfin.database.DatabaseService.runDbScriptFile(DatabaseService.java:413)
	at org.zfin.infrastructure.ant.DataReportTask.runQueryFile(DataReportTask.java:86)
	at org.zfin.infrastructure.ant.DataReportTask.execute(DataReportTask.java:66)
	at org.zfin.infrastructure.ant.DataReportTask.main(DataReportTask.java:137)
	at sun.reflect.NativeMethodAccessorImpl.invoke0(Native Method)
	at sun.reflect.NativeMethodAccessorImpl.invoke(NativeMethodAccessorImpl.java:57)
	at sun.reflect.DelegatingMethodAccessorImpl.invoke(DelegatingMethodAccessorImpl.java:43)
	at java.lang.reflect.Method.invoke(Method.java:606)
	at org.apache.tools.ant.taskdefs.ExecuteJava.run(ExecuteJava.java:217)
	at org.apache.tools.ant.taskdefs.ExecuteJava.execute(ExecuteJava.java:152)
	at org.apache.tools.ant.taskdefs.Java.run(Java.java:764)
	at org.apache.tools.ant.taskdefs.Java.executeJava(Java.java:218)
	at org.apache.tools.ant.taskdefs.Java.executeJava(Java.java:132)
	at org.apache.tools.ant.taskdefs.Java.execute(Java.java:105)
	at org.apache.tools.ant.UnknownElement.execute(UnknownElement.java:288)
	at sun.reflect.GeneratedMethodAccessor1.invoke(Unknown Source)
	at sun.reflect.DelegatingMethodAccessorImpl.invoke(DelegatingMethodAccessorImpl.java:43)
	at java.lang.reflect.Method.invoke(Method.java:606)
	at org.apache.tools.ant.dispatch.DispatchUtils.execute(DispatchUtils.java:106)
	at org.apache.tools.ant.Task.perform(Task.java:348)
	at org.apache.tools.ant.Target.execute(Target.java:357)
	at org.apache.tools.ant.Target.performTasks(Target.java:385)
	at org.apache.tools.ant.Project.executeSortedTargets(Project.java:1337)
	at org.apache.tools.ant.Project.executeTarget(Project.java:1306)
	at org.apache.tools.ant.helper.DefaultExecutor.executeTargets(DefaultExecutor.java:41)
	at org.apache.tools.ant.Project.executeTargets(Project.java:1189)
	at org.apache.tools.ant.Main.runBuild(Main.java:758)
	at org.apache.tools.ant.Main.startAnt(Main.java:217)
	at org.apache.tools.ant.launch.Launcher.run(Launcher.java:257)
	at org.apache.tools.ant.launch.Launcher.main(Launcher.java:104)
Caused by: java.sql.SQLException
	at com.informix.util.IfxErrMsg.getSQLException(IfxErrMsg.java:413)
	at com.informix.jdbc.IfxSqli.E(IfxSqli.java:3812)
	... 40 more
6703 ERROR 
6703 ERROR java.lang.RuntimeException: java.sql.SQLException: Non-numeric character in datetime or interval.
